Using pre-set license

 COMMAND LINE ARGUMENTS:
/Applications/Unity/Hub/Editor/2020.3.0f1/Unity.app/Contents/MacOS/Unity
-adb2
-batchMode
-noUpm
-name
AssetImportWorker0
-projectPath
/Users/certifiedoreo/hackathon
-logFile
Logs/AssetImportWorker0.log
-srvPort
65416
Successfully changed project path to: /Users/certifiedoreo/hackathon
/Users/certifiedoreo/hackathon
Using Asset Import Pipeline V2.
Refreshing native plugins compatible for Editor in 38.46 ms, found 1 plugins.
Preloading 0 native plugins for Editor in 0.00 ms.
Initialize engine version: 2020.3.0f1 (c7b5465681fb)
[Subsystems] Discovering subsystems at path /Applications/Unity/Hub/Editor/2020.3.0f1/Unity.app/Contents/Resources/UnitySubsystems
[Subsystems] Discovering subsystems at path /Users/certifiedoreo/hackathon/Assets
GfxDevice: creating device client; threaded=0
2021-03-20 23:35:37.272 Unity[32142:2650372] (null) preferred device: Apple M1 (high power)
2021-03-20 23:35:37.272 Unity[32142:2650372] Metal devices available: 1
2021-03-20 23:35:37.272 Unity[32142:2650372] 0: Apple M1 (high power)
2021-03-20 23:35:37.272 Unity[32142:2650372] Using device Apple M1 (high power)
Initializing Metal device caps: Apple M1
Initialize mono
Mono path[0] = '/Applications/Unity/Hub/Editor/2020.3.0f1/Unity.app/Contents/Managed'
Mono path[1] = '/Applications/Unity/Hub/Editor/2020.3.0f1/Unity.app/Contents/MonoBleedingEdge/lib/mono/unityjit'
Mono config path = '/Applications/Unity/Hub/Editor/2020.3.0f1/Unity.app/Contents/MonoBleedingEdge/etc'
Using monoOptions --debugger-agent=transport=dt_socket,embedding=1,server=y,suspend=n,address=127.0.0.1:56142
Begin MonoManager ReloadAssembly
Registering precompiled unity dll's ...
Register platform support module: /Applications/Unity/Hub/Editor/2020.3.0f1/Unity.app/Contents/PlaybackEngines/MacStandaloneSupport/UnityEditor.OSXStandalone.Extensions.dll
Register platform support module: /Applications/Unity/Hub/Editor/2020.3.0f1/PlaybackEngines/WindowsStandaloneSupport/UnityEditor.WindowsStandalone.Extensions.dll
Registered in 0.000447 seconds.
Native extension for WindowsStandalone target not found
Native extension for OSXStandalone target not found
Refreshing native plugins compatible for Editor in 23.61 ms, found 1 plugins.
Preloading 0 native plugins for Editor in 0.00 ms.
Invoked RoslynAnalysisRunner static constructor.
RoslynAnalysisRunner will not be running.
RoslynAnalysisRunner has terminated.
Mono: successfully reloaded assembly
- Completed reload, in  3.089 seconds
Platform modules already initialized, skipping
Registering precompiled user dll's ...
Registered in 0.000393 seconds.
Begin MonoManager ReloadAssembly
Native extension for WindowsStandalone target not found
Native extension for OSXStandalone target not found
Refreshing native plugins compatible for Editor in 0.22 ms, found 1 plugins.
Preloading 0 native plugins for Editor in 0.00 ms.
Invoked RoslynAnalysisRunner static constructor.
RoslynAnalysisRunner will not be running.
RoslynAnalysisRunner has terminated.
Mono: successfully reloaded assembly
- Completed reload, in  1.611 seconds
Platform modules already initialized, skipping
========================================================================
Worker process is ready to serve import requests
Launching external process: /Applications/Unity/Hub/Editor/2020.3.0f1/Unity.app/Contents/Tools/UnityShaderCompiler
Launched and connected shader compiler UnityShaderCompiler after 0.02 seconds
Refreshing native plugins compatible for Editor in 0.22 ms, found 1 plugins.
Preloading 0 native plugins for Editor in 0.00 ms.
Unloading 1127 Unused Serialized files (Serialized files now loaded: 0)
System memory in use before: 128.1 MB.
System memory in use after: 128.2 MB.

Unloading 12 unused Assets to reduce memory usage. Loaded Objects now: 1692.
Total: 1.320958 ms (FindLiveObjects: 0.111458 ms CreateObjectMapping: 0.026875 ms MarkObjects: 1.105375 ms  DeleteObjects: 0.076458 ms)

========================================================================
Received Import Request.
  path: Assets/chaseTheif.cs
  artifactKey: Guid(50cffbafd84af431e91bdafe3f3acf33) Importer(815301076,1909f56bfc062723c751e8b465ee728b)
Start importing Assets/chaseTheif.cs using Guid(50cffbafd84af431e91bdafe3f3acf33) Importer(815301076,1909f56bfc062723c751e8b465ee728b)  -> (artifact id: '55de5a91a94594223efded9eb42b8d58') in 0.231943 seconds
  Import took 0.233692 seconds .

========================================================================
Received Prepare
Registering precompiled user dll's ...
Registered in 0.000524 seconds.
Begin MonoManager ReloadAssembly
Native extension for WindowsStandalone target not found
Native extension for OSXStandalone target not found
Refreshing native plugins compatible for Editor in 0.22 ms, found 1 plugins.
Preloading 0 native plugins for Editor in 0.00 ms.
Invoked RoslynAnalysisRunner static constructor.
RoslynAnalysisRunner will not be running.
RoslynAnalysisRunner has terminated.
Mono: successfully reloaded assembly
- Completed reload, in  1.517 seconds
Platform modules already initialized, skipping
Refreshing native plugins compatible for Editor in 0.23 ms, found 1 plugins.
Preloading 0 native plugins for Editor in 0.00 ms.
Unloading 1117 Unused Serialized files (Serialized files now loaded: 0)
System memory in use before: 131.9 MB.
System memory in use after: 132.0 MB.

Unloading 7 unused Assets to reduce memory usage. Loaded Objects now: 1695.
Total: 1.163750 ms (FindLiveObjects: 0.105708 ms CreateObjectMapping: 0.025125 ms MarkObjects: 0.991292 ms  DeleteObjects: 0.040750 ms)

========================================================================
Received Prepare
Registering precompiled user dll's ...
Registered in 0.001219 seconds.
Begin MonoManager ReloadAssembly
Native extension for WindowsStandalone target not found
Native extension for OSXStandalone target not found
Refreshing native plugins compatible for Editor in 0.24 ms, found 1 plugins.
Preloading 0 native plugins for Editor in 0.00 ms.
Invoked RoslynAnalysisRunner static constructor.
RoslynAnalysisRunner will not be running.
RoslynAnalysisRunner has terminated.
Mono: successfully reloaded assembly
- Completed reload, in  1.587 seconds
Platform modules already initialized, skipping
Refreshing native plugins compatible for Editor in 0.23 ms, found 1 plugins.
Preloading 0 native plugins for Editor in 0.00 ms.
Unloading 1117 Unused Serialized files (Serialized files now loaded: 0)
System memory in use before: 132.2 MB.
System memory in use after: 132.3 MB.

Unloading 7 unused Assets to reduce memory usage. Loaded Objects now: 1698.
Total: 1.185958 ms (FindLiveObjects: 0.091791 ms CreateObjectMapping: 0.025125 ms MarkObjects: 1.020084 ms  DeleteObjects: 0.048291 ms)

========================================================================
Received Import Request.
  Time since last request: 383.374021 seconds.
  path: Assets/AudioManager.cs
  artifactKey: Guid(3244f96c99e8a4613be1c85719da08a1) Importer(815301076,1909f56bfc062723c751e8b465ee728b)
Start importing Assets/AudioManager.cs using Guid(3244f96c99e8a4613be1c85719da08a1) Importer(815301076,1909f56bfc062723c751e8b465ee728b)  -> (artifact id: 'e4c0947742c40ac47ade1eaa6f0ddf57') in 0.005151 seconds
  Import took 0.006666 seconds .

========================================================================
Received Import Request.
  Time since last request: 0.012756 seconds.
  path: Assets/AudioManager.cs
  artifactKey: Guid(3244f96c99e8a4613be1c85719da08a1) Importer(815301076,1909f56bfc062723c751e8b465ee728b)
Start importing Assets/AudioManager.cs using Guid(3244f96c99e8a4613be1c85719da08a1) Importer(815301076,1909f56bfc062723c751e8b465ee728b)  -> (artifact id: 'e4c0947742c40ac47ade1eaa6f0ddf57') in 0.000857 seconds
  Import took 0.002315 seconds .

========================================================================
Received Prepare
Registering precompiled user dll's ...
Registered in 0.002263 seconds.
Begin MonoManager ReloadAssembly
Native extension for WindowsStandalone target not found
Native extension for OSXStandalone target not found
Refreshing native plugins compatible for Editor in 0.24 ms, found 1 plugins.
Preloading 0 native plugins for Editor in 0.00 ms.
Invoked RoslynAnalysisRunner static constructor.
RoslynAnalysisRunner will not be running.
RoslynAnalysisRunner has terminated.
Mono: successfully reloaded assembly
- Completed reload, in  1.595 seconds
Platform modules already initialized, skipping
Refreshing native plugins compatible for Editor in 0.23 ms, found 1 plugins.
Preloading 0 native plugins for Editor in 0.00 ms.
Unloading 1117 Unused Serialized files (Serialized files now loaded: 0)
System memory in use before: 132.4 MB.
System memory in use after: 132.5 MB.

Unloading 7 unused Assets to reduce memory usage. Loaded Objects now: 1701.
Total: 1.201833 ms (FindLiveObjects: 0.112708 ms CreateObjectMapping: 0.025125 ms MarkObjects: 1.010792 ms  DeleteObjects: 0.052166 ms)

========================================================================
Received Prepare
Registering precompiled user dll's ...
Registered in 0.000488 seconds.
Begin MonoManager ReloadAssembly
Native extension for WindowsStandalone target not found
Native extension for OSXStandalone target not found
Refreshing native plugins compatible for Editor in 0.25 ms, found 1 plugins.
Preloading 0 native plugins for Editor in 0.00 ms.
Invoked RoslynAnalysisRunner static constructor.
RoslynAnalysisRunner will not be running.
RoslynAnalysisRunner has terminated.
Mono: successfully reloaded assembly
- Completed reload, in  1.608 seconds
Platform modules already initialized, skipping
Refreshing native plugins compatible for Editor in 0.23 ms, found 1 plugins.
Preloading 0 native plugins for Editor in 0.00 ms.
Unloading 1117 Unused Serialized files (Serialized files now loaded: 0)
System memory in use before: 132.7 MB.
System memory in use after: 132.8 MB.

Unloading 7 unused Assets to reduce memory usage. Loaded Objects now: 1704.
Total: 1.166125 ms (FindLiveObjects: 0.107000 ms CreateObjectMapping: 0.024917 ms MarkObjects: 0.981750 ms  DeleteObjects: 0.051333 ms)

========================================================================
Received Prepare
Registering precompiled user dll's ...
Registered in 0.000474 seconds.
Begin MonoManager ReloadAssembly
Native extension for WindowsStandalone target not found
Native extension for OSXStandalone target not found
Refreshing native plugins compatible for Editor in 0.23 ms, found 1 plugins.
Preloading 0 native plugins for Editor in 0.00 ms.
Invoked RoslynAnalysisRunner static constructor.
RoslynAnalysisRunner will not be running.
RoslynAnalysisRunner has terminated.
Mono: successfully reloaded assembly
- Completed reload, in  1.582 seconds
Platform modules already initialized, skipping
Refreshing native plugins compatible for Editor in 0.37 ms, found 1 plugins.
Preloading 0 native plugins for Editor in 0.00 ms.
Unloading 1117 Unused Serialized files (Serialized files now loaded: 0)
System memory in use before: 133.0 MB.
System memory in use after: 133.0 MB.

Unloading 7 unused Assets to reduce memory usage. Loaded Objects now: 1707.
Total: 1.575583 ms (FindLiveObjects: 0.142000 ms CreateObjectMapping: 0.030958 ms MarkObjects: 1.316792 ms  DeleteObjects: 0.076250 ms)

========================================================================
Received Prepare
Registering precompiled user dll's ...
Registered in 0.000522 seconds.
Begin MonoManager ReloadAssembly
Native extension for WindowsStandalone target not found
Native extension for OSXStandalone target not found
Refreshing native plugins compatible for Editor in 0.23 ms, found 1 plugins.
Preloading 0 native plugins for Editor in 0.00 ms.
Invoked RoslynAnalysisRunner static constructor.
RoslynAnalysisRunner will not be running.
RoslynAnalysisRunner has terminated.
Mono: successfully reloaded assembly
- Completed reload, in  1.739 seconds
Platform modules already initialized, skipping
Refreshing native plugins compatible for Editor in 0.22 ms, found 1 plugins.
Preloading 0 native plugins for Editor in 0.00 ms.
Unloading 1117 Unused Serialized files (Serialized files now loaded: 0)
System memory in use before: 133.2 MB.
System memory in use after: 133.3 MB.

Unloading 7 unused Assets to reduce memory usage. Loaded Objects now: 1710.
Total: 1.189541 ms (FindLiveObjects: 0.119417 ms CreateObjectMapping: 0.024583 ms MarkObjects: 0.994375 ms  DeleteObjects: 0.050167 ms)

========================================================================
Received Prepare
Registering precompiled user dll's ...
Registered in 0.005764 seconds.
Begin MonoManager ReloadAssembly
Native extension for WindowsStandalone target not found
Native extension for OSXStandalone target not found
Refreshing native plugins compatible for Editor in 0.22 ms, found 1 plugins.
Preloading 0 native plugins for Editor in 0.00 ms.
Invoked RoslynAnalysisRunner static constructor.
RoslynAnalysisRunner will not be running.
RoslynAnalysisRunner has terminated.
Mono: successfully reloaded assembly
- Completed reload, in  1.562 seconds
Platform modules already initialized, skipping
Refreshing native plugins compatible for Editor in 0.22 ms, found 1 plugins.
Preloading 0 native plugins for Editor in 0.00 ms.
Unloading 1117 Unused Serialized files (Serialized files now loaded: 0)
System memory in use before: 133.5 MB.
System memory in use after: 133.6 MB.

Unloading 7 unused Assets to reduce memory usage. Loaded Objects now: 1713.
Total: 1.222292 ms (FindLiveObjects: 0.105542 ms CreateObjectMapping: 0.026792 ms MarkObjects: 1.048000 ms  DeleteObjects: 0.041167 ms)

========================================================================
Received Prepare
Registering precompiled user dll's ...
Registered in 0.000562 seconds.
Begin MonoManager ReloadAssembly
Native extension for WindowsStandalone target not found
Native extension for OSXStandalone target not found
Refreshing native plugins compatible for Editor in 0.23 ms, found 1 plugins.
Preloading 0 native plugins for Editor in 0.00 ms.
Invoked RoslynAnalysisRunner static constructor.
RoslynAnalysisRunner will not be running.
RoslynAnalysisRunner has terminated.
Mono: successfully reloaded assembly
- Completed reload, in  1.685 seconds
Platform modules already initialized, skipping
Refreshing native plugins compatible for Editor in 0.23 ms, found 1 plugins.
Preloading 0 native plugins for Editor in 0.00 ms.
Unloading 1117 Unused Serialized files (Serialized files now loaded: 0)
System memory in use before: 133.7 MB.
System memory in use after: 133.8 MB.

Unloading 7 unused Assets to reduce memory usage. Loaded Objects now: 1716.
Total: 1.236875 ms (FindLiveObjects: 0.124625 ms CreateObjectMapping: 0.025041 ms MarkObjects: 1.036167 ms  DeleteObjects: 0.049875 ms)

========================================================================
Received Import Request.
  Time since last request: 2984.236063 seconds.
  path: Assets/scripts/carController.cs
  artifactKey: Guid(92e87ac5596244a4c96e71297ca2b877) Importer(815301076,1909f56bfc062723c751e8b465ee728b)
Start importing Assets/scripts/carController.cs using Guid(92e87ac5596244a4c96e71297ca2b877) Importer(815301076,1909f56bfc062723c751e8b465ee728b)  -> (artifact id: '53102b1b7e26080ffe61cd30903cd2dd') in 0.006725 seconds
  Import took 0.008421 seconds .

========================================================================
Received Import Request.
  Time since last request: 0.006995 seconds.
  path: Assets/scripts/carController.cs
  artifactKey: Guid(92e87ac5596244a4c96e71297ca2b877) Importer(815301076,1909f56bfc062723c751e8b465ee728b)
Start importing Assets/scripts/carController.cs using Guid(92e87ac5596244a4c96e71297ca2b877) Importer(815301076,1909f56bfc062723c751e8b465ee728b)  -> (artifact id: '53102b1b7e26080ffe61cd30903cd2dd') in 0.000814 seconds
  Import took 0.002227 seconds .

========================================================================
Received Prepare
Registering precompiled user dll's ...
Registered in 0.001674 seconds.
Begin MonoManager ReloadAssembly
Native extension for WindowsStandalone target not found
Native extension for OSXStandalone target not found
Refreshing native plugins compatible for Editor in 0.22 ms, found 1 plugins.
Preloading 0 native plugins for Editor in 0.00 ms.
Invoked RoslynAnalysisRunner static constructor.
RoslynAnalysisRunner will not be running.
RoslynAnalysisRunner has terminated.
Mono: successfully reloaded assembly
- Completed reload, in  1.559 seconds
Platform modules already initialized, skipping
Refreshing native plugins compatible for Editor in 0.23 ms, found 1 plugins.
Preloading 0 native plugins for Editor in 0.00 ms.
Unloading 1117 Unused Serialized files (Serialized files now loaded: 0)
System memory in use before: 134.0 MB.
System memory in use after: 134.1 MB.

Unloading 7 unused Assets to reduce memory usage. Loaded Objects now: 1719.
Total: 1.181750 ms (FindLiveObjects: 0.102125 ms CreateObjectMapping: 0.027042 ms MarkObjects: 1.005375 ms  DeleteObjects: 0.046250 ms)

========================================================================
Received Prepare
Registering precompiled user dll's ...
Registered in 0.000449 seconds.
Begin MonoManager ReloadAssembly
Native extension for WindowsStandalone target not found
Native extension for OSXStandalone target not found
Refreshing native plugins compatible for Editor in 0.30 ms, found 1 plugins.
Preloading 0 native plugins for Editor in 0.00 ms.
Invoked RoslynAnalysisRunner static constructor.
RoslynAnalysisRunner will not be running.
RoslynAnalysisRunner has terminated.
Mono: successfully reloaded assembly
- Completed reload, in  1.725 seconds
Platform modules already initialized, skipping
Refreshing native plugins compatible for Editor in 0.22 ms, found 1 plugins.
Preloading 0 native plugins for Editor in 0.00 ms.
Unloading 1117 Unused Serialized files (Serialized files now loaded: 0)
System memory in use before: 134.2 MB.
System memory in use after: 134.3 MB.

Unloading 7 unused Assets to reduce memory usage. Loaded Objects now: 1722.
Total: 1.219541 ms (FindLiveObjects: 0.128292 ms CreateObjectMapping: 0.025250 ms MarkObjects: 1.012958 ms  DeleteObjects: 0.051959 ms)

========================================================================
Received Prepare
Registering precompiled user dll's ...
Registered in 0.001472 seconds.
Begin MonoManager ReloadAssembly
Native extension for WindowsStandalone target not found
Native extension for OSXStandalone target not found
Refreshing native plugins compatible for Editor in 0.22 ms, found 1 plugins.
Preloading 0 native plugins for Editor in 0.00 ms.
Invoked RoslynAnalysisRunner static constructor.
RoslynAnalysisRunner will not be running.
RoslynAnalysisRunner has terminated.
Mono: successfully reloaded assembly
- Completed reload, in  1.519 seconds
Platform modules already initialized, skipping
Refreshing native plugins compatible for Editor in 0.22 ms, found 1 plugins.
Preloading 0 native plugins for Editor in 0.00 ms.
Unloading 1117 Unused Serialized files (Serialized files now loaded: 0)
System memory in use before: 134.5 MB.
System memory in use after: 134.6 MB.

Unloading 7 unused Assets to reduce memory usage. Loaded Objects now: 1725.
Total: 1.194709 ms (FindLiveObjects: 0.094709 ms CreateObjectMapping: 0.026750 ms MarkObjects: 1.030750 ms  DeleteObjects: 0.041667 ms)

========================================================================
Received Import Request.
  Time since last request: 510.619822 seconds.
  path: Assets/chaseTheif.cs
  artifactKey: Guid(50cffbafd84af431e91bdafe3f3acf33) Importer(815301076,1909f56bfc062723c751e8b465ee728b)
Start importing Assets/chaseTheif.cs using Guid(50cffbafd84af431e91bdafe3f3acf33) Importer(815301076,1909f56bfc062723c751e8b465ee728b)  -> (artifact id: '1be2e3ef2dd8eb6b644dad850b5c0c47') in 0.009812 seconds
  Import took 0.012379 seconds .

========================================================================
Received Prepare
Registering precompiled user dll's ...
Registered in 0.000502 seconds.
Begin MonoManager ReloadAssembly
Native extension for WindowsStandalone target not found
Native extension for OSXStandalone target not found
Refreshing native plugins compatible for Editor in 0.23 ms, found 1 plugins.
Preloading 0 native plugins for Editor in 0.00 ms.
Invoked RoslynAnalysisRunner static constructor.
RoslynAnalysisRunner will not be running.
RoslynAnalysisRunner has terminated.
Mono: successfully reloaded assembly
- Completed reload, in  1.610 seconds
Platform modules already initialized, skipping
Refreshing native plugins compatible for Editor in 0.22 ms, found 1 plugins.
Preloading 0 native plugins for Editor in 0.00 ms.
Unloading 1117 Unused Serialized files (Serialized files now loaded: 0)
System memory in use before: 134.8 MB.
System memory in use after: 134.8 MB.

Unloading 7 unused Assets to reduce memory usage. Loaded Objects now: 1728.
Total: 1.193416 ms (FindLiveObjects: 0.098542 ms CreateObjectMapping: 0.027042 ms MarkObjects: 1.028208 ms  DeleteObjects: 0.039000 ms)

========================================================================
Received Import Request.
  Time since last request: 40.282405 seconds.
  path: Assets/chaseTheif.cs
  artifactKey: Guid(50cffbafd84af431e91bdafe3f3acf33) Importer(815301076,1909f56bfc062723c751e8b465ee728b)
Start importing Assets/chaseTheif.cs using Guid(50cffbafd84af431e91bdafe3f3acf33) Importer(815301076,1909f56bfc062723c751e8b465ee728b)  -> (artifact id: 'c7969c144243828a78b63d9bd5249c9d') in 0.004338 seconds
  Import took 0.005804 seconds .

========================================================================
Received Prepare
Registering precompiled user dll's ...
Registered in 0.001203 seconds.
Begin MonoManager ReloadAssembly
Native extension for WindowsStandalone target not found
Native extension for OSXStandalone target not found
Refreshing native plugins compatible for Editor in 0.22 ms, found 1 plugins.
Preloading 0 native plugins for Editor in 0.00 ms.
Invoked RoslynAnalysisRunner static constructor.
RoslynAnalysisRunner will not be running.
RoslynAnalysisRunner has terminated.
Mono: successfully reloaded assembly
- Completed reload, in  1.575 seconds
Platform modules already initialized, skipping
Refreshing native plugins compatible for Editor in 0.23 ms, found 1 plugins.
Preloading 0 native plugins for Editor in 0.00 ms.
Unloading 1117 Unused Serialized files (Serialized files now loaded: 0)
System memory in use before: 135.0 MB.
System memory in use after: 135.1 MB.

Unloading 7 unused Assets to reduce memory usage. Loaded Objects now: 1731.
Total: 1.187625 ms (FindLiveObjects: 0.094708 ms CreateObjectMapping: 0.025334 ms MarkObjects: 1.015375 ms  DeleteObjects: 0.051250 ms)

========================================================================
Received Prepare
Registering precompiled user dll's ...
Registered in 0.000506 seconds.
Begin MonoManager ReloadAssembly
Native extension for WindowsStandalone target not found
Native extension for OSXStandalone target not found
Refreshing native plugins compatible for Editor in 0.23 ms, found 1 plugins.
Preloading 0 native plugins for Editor in 0.00 ms.
Invoked RoslynAnalysisRunner static constructor.
RoslynAnalysisRunner will not be running.
RoslynAnalysisRunner has terminated.
Mono: successfully reloaded assembly
- Completed reload, in  1.724 seconds
Platform modules already initialized, skipping
Refreshing native plugins compatible for Editor in 0.22 ms, found 1 plugins.
Preloading 0 native plugins for Editor in 0.00 ms.
Unloading 1117 Unused Serialized files (Serialized files now loaded: 0)
System memory in use before: 135.3 MB.
System memory in use after: 135.4 MB.

Unloading 7 unused Assets to reduce memory usage. Loaded Objects now: 1734.
Total: 1.172042 ms (FindLiveObjects: 0.130833 ms CreateObjectMapping: 0.025792 ms MarkObjects: 0.964708 ms  DeleteObjects: 0.049916 ms)

========================================================================
Received Prepare
Registering precompiled user dll's ...
Registered in 0.001222 seconds.
Begin MonoManager ReloadAssembly
Native extension for WindowsStandalone target not found
Native extension for OSXStandalone target not found
Refreshing native plugins compatible for Editor in 0.22 ms, found 1 plugins.
Preloading 0 native plugins for Editor in 0.00 ms.
Invoked RoslynAnalysisRunner static constructor.
RoslynAnalysisRunner will not be running.
RoslynAnalysisRunner has terminated.
Mono: successfully reloaded assembly
- Completed reload, in  1.550 seconds
Platform modules already initialized, skipping
Refreshing native plugins compatible for Editor in 0.23 ms, found 1 plugins.
Preloading 0 native plugins for Editor in 0.00 ms.
Unloading 1117 Unused Serialized files (Serialized files now loaded: 0)
System memory in use before: 135.5 MB.
System memory in use after: 135.6 MB.

Unloading 7 unused Assets to reduce memory usage. Loaded Objects now: 1737.
Total: 1.174791 ms (FindLiveObjects: 0.091125 ms CreateObjectMapping: 0.025666 ms MarkObjects: 1.012917 ms  DeleteObjects: 0.044166 ms)

========================================================================
Received Import Request.
  Time since last request: 1015.159384 seconds.
  path: Assets/chaseTheif.cs
  artifactKey: Guid(50cffbafd84af431e91bdafe3f3acf33) Importer(815301076,1909f56bfc062723c751e8b465ee728b)
Start importing Assets/chaseTheif.cs using Guid(50cffbafd84af431e91bdafe3f3acf33) Importer(815301076,1909f56bfc062723c751e8b465ee728b)  -> (artifact id: '5851773e3ff1f7ea3a79f96ad1422485') in 0.006321 seconds
  Import took 0.008033 seconds .

========================================================================
Received Import Request.
  Time since last request: 0.009982 seconds.
  path: Assets/chaseTheif.cs
  artifactKey: Guid(50cffbafd84af431e91bdafe3f3acf33) Importer(815301076,1909f56bfc062723c751e8b465ee728b)
Start importing Assets/chaseTheif.cs using Guid(50cffbafd84af431e91bdafe3f3acf33) Importer(815301076,1909f56bfc062723c751e8b465ee728b)  -> (artifact id: '5851773e3ff1f7ea3a79f96ad1422485') in 0.000871 seconds
  Import took 0.002328 seconds .

========================================================================
Received Prepare
Registering precompiled user dll's ...
Registered in 0.000472 seconds.
Begin MonoManager ReloadAssembly
Native extension for WindowsStandalone target not found
Native extension for OSXStandalone target not found
Refreshing native plugins compatible for Editor in 0.23 ms, found 1 plugins.
Preloading 0 native plugins for Editor in 0.00 ms.
Invoked RoslynAnalysisRunner static constructor.
RoslynAnalysisRunner will not be running.
RoslynAnalysisRunner has terminated.
Mono: successfully reloaded assembly
- Completed reload, in  1.641 seconds
Platform modules already initialized, skipping
Refreshing native plugins compatible for Editor in 0.22 ms, found 1 plugins.
Preloading 0 native plugins for Editor in 0.00 ms.
Unloading 1117 Unused Serialized files (Serialized files now loaded: 0)
System memory in use before: 135.8 MB.
System memory in use after: 135.9 MB.

Unloading 7 unused Assets to reduce memory usage. Loaded Objects now: 1740.
Total: 1.159292 ms (FindLiveObjects: 0.102042 ms CreateObjectMapping: 0.024875 ms MarkObjects: 0.984334 ms  DeleteObjects: 0.047209 ms)

========================================================================
Received Import Request.
  Time since last request: 21.827480 seconds.
  path: Assets/chaseTheif.cs
  artifactKey: Guid(50cffbafd84af431e91bdafe3f3acf33) Importer(815301076,1909f56bfc062723c751e8b465ee728b)
Start importing Assets/chaseTheif.cs using Guid(50cffbafd84af431e91bdafe3f3acf33) Importer(815301076,1909f56bfc062723c751e8b465ee728b)  -> (artifact id: 'e1c83a5999c89d00e80db6c2cfa830cf') in 0.003916 seconds
  Import took 0.005308 seconds .

========================================================================
Received Import Request.
  Time since last request: 3.851361 seconds.
  path: Assets/chaseTheif.cs
  artifactKey: Guid(50cffbafd84af431e91bdafe3f3acf33) Importer(815301076,1909f56bfc062723c751e8b465ee728b)
Start importing Assets/chaseTheif.cs using Guid(50cffbafd84af431e91bdafe3f3acf33) Importer(815301076,1909f56bfc062723c751e8b465ee728b)  -> (artifact id: 'e1c83a5999c89d00e80db6c2cfa830cf') in 0.001090 seconds
  Import took 0.002637 seconds .

========================================================================
Received Prepare
Registering precompiled user dll's ...
Registered in 0.000487 seconds.
Begin MonoManager ReloadAssembly
Native extension for WindowsStandalone target not found
Native extension for OSXStandalone target not found
Refreshing native plugins compatible for Editor in 0.24 ms, found 1 plugins.
Preloading 0 native plugins for Editor in 0.00 ms.
Invoked RoslynAnalysisRunner static constructor.
RoslynAnalysisRunner will not be running.
RoslynAnalysisRunner has terminated.
Mono: successfully reloaded assembly
- Completed reload, in  1.604 seconds
Platform modules already initialized, skipping
Refreshing native plugins compatible for Editor in 0.21 ms, found 1 plugins.
Preloading 0 native plugins for Editor in 0.00 ms.
Unloading 1117 Unused Serialized files (Serialized files now loaded: 0)
System memory in use before: 136.1 MB.
System memory in use after: 136.1 MB.

Unloading 7 unused Assets to reduce memory usage. Loaded Objects now: 1743.
Total: 1.199584 ms (FindLiveObjects: 0.112375 ms CreateObjectMapping: 0.025375 ms MarkObjects: 1.011166 ms  DeleteObjects: 0.049667 ms)

========================================================================
Received Import Request.
  Time since last request: 47.055294 seconds.
  path: Assets/chaseTheif.cs
  artifactKey: Guid(50cffbafd84af431e91bdafe3f3acf33) Importer(815301076,1909f56bfc062723c751e8b465ee728b)
Start importing Assets/chaseTheif.cs using Guid(50cffbafd84af431e91bdafe3f3acf33) Importer(815301076,1909f56bfc062723c751e8b465ee728b)  -> (artifact id: '8954843969b4638cda5f68852f921b27') in 0.003986 seconds
  Import took 0.005371 seconds .

========================================================================
Received Import Request.
  Time since last request: 3.885271 seconds.
  path: Assets/chaseTheif.cs
  artifactKey: Guid(50cffbafd84af431e91bdafe3f3acf33) Importer(815301076,1909f56bfc062723c751e8b465ee728b)
Start importing Assets/chaseTheif.cs using Guid(50cffbafd84af431e91bdafe3f3acf33) Importer(815301076,1909f56bfc062723c751e8b465ee728b)  -> (artifact id: '8954843969b4638cda5f68852f921b27') in 0.001575 seconds
  Import took 0.003136 seconds .

========================================================================
Received Prepare
Registering precompiled user dll's ...
Registered in 0.000479 seconds.
Begin MonoManager ReloadAssembly
Native extension for WindowsStandalone target not found
Native extension for OSXStandalone target not found
Refreshing native plugins compatible for Editor in 0.23 ms, found 1 plugins.
Preloading 0 native plugins for Editor in 0.00 ms.
Invoked RoslynAnalysisRunner static constructor.
RoslynAnalysisRunner will not be running.
RoslynAnalysisRunner has terminated.
Mono: successfully reloaded assembly
- Completed reload, in  1.601 seconds
Platform modules already initialized, skipping
Refreshing native plugins compatible for Editor in 0.22 ms, found 1 plugins.
Preloading 0 native plugins for Editor in 0.00 ms.
Unloading 1117 Unused Serialized files (Serialized files now loaded: 0)
System memory in use before: 136.3 MB.
System memory in use after: 136.4 MB.

Unloading 7 unused Assets to reduce memory usage. Loaded Objects now: 1746.
Total: 1.192917 ms (FindLiveObjects: 0.099791 ms CreateObjectMapping: 0.026875 ms MarkObjects: 1.020167 ms  DeleteObjects: 0.045208 ms)

========================================================================
Received Prepare
Registering precompiled user dll's ...
Registered in 0.000498 seconds.
Begin MonoManager ReloadAssembly
Native extension for WindowsStandalone target not found
Native extension for OSXStandalone target not found
Refreshing native plugins compatible for Editor in 0.23 ms, found 1 plugins.
Preloading 0 native plugins for Editor in 0.00 ms.
Invoked RoslynAnalysisRunner static constructor.
RoslynAnalysisRunner will not be running.
RoslynAnalysisRunner has terminated.
Mono: successfully reloaded assembly
- Completed reload, in  1.647 seconds
Platform modules already initialized, skipping
Refreshing native plugins compatible for Editor in 0.22 ms, found 1 plugins.
Preloading 0 native plugins for Editor in 0.00 ms.
Unloading 1117 Unused Serialized files (Serialized files now loaded: 0)
System memory in use before: 136.5 MB.
System memory in use after: 136.6 MB.

Unloading 7 unused Assets to reduce memory usage. Loaded Objects now: 1749.
Total: 1.227291 ms (FindLiveObjects: 0.110084 ms CreateObjectMapping: 0.026834 ms MarkObjects: 1.042292 ms  DeleteObjects: 0.047042 ms)

========================================================================
Received Import Request.
  Time since last request: 415.055032 seconds.
  path: Assets/chaseTheif.cs
  artifactKey: Guid(50cffbafd84af431e91bdafe3f3acf33) Importer(815301076,1909f56bfc062723c751e8b465ee728b)
Start importing Assets/chaseTheif.cs using Guid(50cffbafd84af431e91bdafe3f3acf33) Importer(815301076,1909f56bfc062723c751e8b465ee728b)  -> (artifact id: 'b62a7c8675883b8d8af07c98abc1e49c') in 0.004576 seconds
  Import took 0.006236 seconds .

========================================================================
Received Prepare
Registering precompiled user dll's ...
Registered in 0.000512 seconds.
Begin MonoManager ReloadAssembly
Native extension for WindowsStandalone target not found
Native extension for OSXStandalone target not found
Refreshing native plugins compatible for Editor in 0.24 ms, found 1 plugins.
Preloading 0 native plugins for Editor in 0.00 ms.
Invoked RoslynAnalysisRunner static constructor.
RoslynAnalysisRunner will not be running.
RoslynAnalysisRunner has terminated.
Mono: successfully reloaded assembly
- Completed reload, in  1.607 seconds
Platform modules already initialized, skipping
Refreshing native plugins compatible for Editor in 0.22 ms, found 1 plugins.
Preloading 0 native plugins for Editor in 0.00 ms.
Unloading 1117 Unused Serialized files (Serialized files now loaded: 0)
System memory in use before: 136.8 MB.
System memory in use after: 136.9 MB.

Unloading 7 unused Assets to reduce memory usage. Loaded Objects now: 1752.
Total: 1.209583 ms (FindLiveObjects: 0.103667 ms CreateObjectMapping: 0.026917 ms MarkObjects: 1.030459 ms  DeleteObjects: 0.047584 ms)

========================================================================
Received Import Request.
  Time since last request: 159.873403 seconds.
  path: Assets/chaseTheif.cs
  artifactKey: Guid(50cffbafd84af431e91bdafe3f3acf33) Importer(815301076,1909f56bfc062723c751e8b465ee728b)
Start importing Assets/chaseTheif.cs using Guid(50cffbafd84af431e91bdafe3f3acf33) Importer(815301076,1909f56bfc062723c751e8b465ee728b)  -> (artifact id: 'b706f0485c5294a4cf5f1018fcd485fb') in 0.004565 seconds
  Import took 0.006085 seconds .

========================================================================
Received Import Request.
  Time since last request: 0.016843 seconds.
  path: Assets/chaseTheif.cs
  artifactKey: Guid(50cffbafd84af431e91bdafe3f3acf33) Importer(815301076,1909f56bfc062723c751e8b465ee728b)
Start importing Assets/chaseTheif.cs using Guid(50cffbafd84af431e91bdafe3f3acf33) Importer(815301076,1909f56bfc062723c751e8b465ee728b)  -> (artifact id: 'b706f0485c5294a4cf5f1018fcd485fb') in 0.000874 seconds
  Import took 0.002304 seconds .

========================================================================
Received Prepare
Registering precompiled user dll's ...
Registered in 0.000477 seconds.
Begin MonoManager ReloadAssembly
Native extension for WindowsStandalone target not found
Native extension for OSXStandalone target not found
Refreshing native plugins compatible for Editor in 0.24 ms, found 1 plugins.
Preloading 0 native plugins for Editor in 0.00 ms.
Invoked RoslynAnalysisRunner static constructor.
RoslynAnalysisRunner will not be running.
RoslynAnalysisRunner has terminated.
Mono: successfully reloaded assembly
- Completed reload, in  1.582 seconds
Platform modules already initialized, skipping
Refreshing native plugins compatible for Editor in 0.22 ms, found 1 plugins.
Preloading 0 native plugins for Editor in 0.00 ms.
Unloading 1117 Unused Serialized files (Serialized files now loaded: 0)
System memory in use before: 137.1 MB.
System memory in use after: 137.2 MB.

Unloading 7 unused Assets to reduce memory usage. Loaded Objects now: 1755.
Total: 1.326459 ms (FindLiveObjects: 0.130833 ms CreateObjectMapping: 0.028667 ms MarkObjects: 1.115667 ms  DeleteObjects: 0.050583 ms)

========================================================================
Received Import Request.
  Time since last request: 11.762389 seconds.
  path: Assets/chaseTheif.cs
  artifactKey: Guid(50cffbafd84af431e91bdafe3f3acf33) Importer(815301076,1909f56bfc062723c751e8b465ee728b)
Start importing Assets/chaseTheif.cs using Guid(50cffbafd84af431e91bdafe3f3acf33) Importer(815301076,1909f56bfc062723c751e8b465ee728b)  -> (artifact id: 'deb6449ad16f8eb8590c4da912014774') in 0.004268 seconds
  Import took 0.005657 seconds .

========================================================================
Received Prepare
Registering precompiled user dll's ...
Registered in 0.000504 seconds.
Begin MonoManager ReloadAssembly
Native extension for WindowsStandalone target not found
Native extension for OSXStandalone target not found
Refreshing native plugins compatible for Editor in 0.23 ms, found 1 plugins.
Preloading 0 native plugins for Editor in 0.00 ms.
Invoked RoslynAnalysisRunner static constructor.
RoslynAnalysisRunner will not be running.
RoslynAnalysisRunner has terminated.
Mono: successfully reloaded assembly
- Completed reload, in  1.523 seconds
Platform modules already initialized, skipping
Refreshing native plugins compatible for Editor in 0.22 ms, found 1 plugins.
Preloading 0 native plugins for Editor in 0.00 ms.
Unloading 1117 Unused Serialized files (Serialized files now loaded: 0)
System memory in use before: 137.3 MB.
System memory in use after: 137.4 MB.

Unloading 7 unused Assets to reduce memory usage. Loaded Objects now: 1758.
Total: 1.123125 ms (FindLiveObjects: 0.095458 ms CreateObjectMapping: 0.025334 ms MarkObjects: 0.954042 ms  DeleteObjects: 0.047250 ms)

========================================================================
Received Prepare
Registering precompiled user dll's ...
Registered in 0.000520 seconds.
Begin MonoManager ReloadAssembly
Native extension for WindowsStandalone target not found
Native extension for OSXStandalone target not found
Refreshing native plugins compatible for Editor in 0.22 ms, found 1 plugins.
Preloading 0 native plugins for Editor in 0.00 ms.
Invoked RoslynAnalysisRunner static constructor.
RoslynAnalysisRunner will not be running.
RoslynAnalysisRunner has terminated.
Mono: successfully reloaded assembly
- Completed reload, in  1.512 seconds
Platform modules already initialized, skipping
Refreshing native plugins compatible for Editor in 0.21 ms, found 1 plugins.
Preloading 0 native plugins for Editor in 0.00 ms.
Unloading 1117 Unused Serialized files (Serialized files now loaded: 0)
System memory in use before: 137.6 MB.
System memory in use after: 137.7 MB.

Unloading 7 unused Assets to reduce memory usage. Loaded Objects now: 1761.
Total: 1.199584 ms (FindLiveObjects: 0.095000 ms CreateObjectMapping: 0.025375 ms MarkObjects: 1.035583 ms  DeleteObjects: 0.042708 ms)

========================================================================
Received Prepare
Registering precompiled user dll's ...
Registered in 0.000520 seconds.
Begin MonoManager ReloadAssembly
Native extension for WindowsStandalone target not found
Native extension for OSXStandalone target not found
Refreshing native plugins compatible for Editor in 0.22 ms, found 1 plugins.
Preloading 0 native plugins for Editor in 0.00 ms.
Invoked RoslynAnalysisRunner static constructor.
RoslynAnalysisRunner will not be running.
RoslynAnalysisRunner has terminated.
Mono: successfully reloaded assembly
- Completed reload, in  1.553 seconds
Platform modules already initialized, skipping
Refreshing native plugins compatible for Editor in 0.22 ms, found 1 plugins.
Preloading 0 native plugins for Editor in 0.00 ms.
Unloading 1117 Unused Serialized files (Serialized files now loaded: 0)
System memory in use before: 137.8 MB.
System memory in use after: 137.9 MB.

Unloading 7 unused Assets to reduce memory usage. Loaded Objects now: 1764.
Total: 1.126250 ms (FindLiveObjects: 0.096458 ms CreateObjectMapping: 0.025083 ms MarkObjects: 0.958292 ms  DeleteObjects: 0.045458 ms)

========================================================================
Received Prepare
Registering precompiled user dll's ...
Registered in 0.000496 seconds.
Begin MonoManager ReloadAssembly
Native extension for WindowsStandalone target not found
Native extension for OSXStandalone target not found
Refreshing native plugins compatible for Editor in 0.23 ms, found 1 plugins.
Preloading 0 native plugins for Editor in 0.00 ms.
Invoked RoslynAnalysisRunner static constructor.
RoslynAnalysisRunner will not be running.
RoslynAnalysisRunner has terminated.
Mono: successfully reloaded assembly
- Completed reload, in  1.511 seconds
Platform modules already initialized, skipping
Refreshing native plugins compatible for Editor in 0.21 ms, found 1 plugins.
Preloading 0 native plugins for Editor in 0.00 ms.
Unloading 1117 Unused Serialized files (Serialized files now loaded: 0)
System memory in use before: 138.1 MB.
System memory in use after: 138.2 MB.

Unloading 7 unused Assets to reduce memory usage. Loaded Objects now: 1767.
Total: 1.209791 ms (FindLiveObjects: 0.090625 ms CreateObjectMapping: 0.027209 ms MarkObjects: 1.047625 ms  DeleteObjects: 0.043667 ms)

========================================================================
Received Prepare
Registering precompiled user dll's ...
Registered in 0.000521 seconds.
Begin MonoManager ReloadAssembly
Native extension for WindowsStandalone target not found
Native extension for OSXStandalone target not found
Refreshing native plugins compatible for Editor in 0.24 ms, found 1 plugins.
Preloading 0 native plugins for Editor in 0.00 ms.
Invoked RoslynAnalysisRunner static constructor.
RoslynAnalysisRunner will not be running.
RoslynAnalysisRunner has terminated.
Mono: successfully reloaded assembly
- Completed reload, in  1.547 seconds
Platform modules already initialized, skipping
Refreshing native plugins compatible for Editor in 0.21 ms, found 1 plugins.
Preloading 0 native plugins for Editor in 0.00 ms.
Unloading 1117 Unused Serialized files (Serialized files now loaded: 0)
System memory in use before: 138.3 MB.
System memory in use after: 138.4 MB.

Unloading 7 unused Assets to reduce memory usage. Loaded Objects now: 1770.
Total: 1.358750 ms (FindLiveObjects: 0.126583 ms CreateObjectMapping: 0.027833 ms MarkObjects: 1.150958 ms  DeleteObjects: 0.052250 ms)

========================================================================
Received Prepare
Registering precompiled user dll's ...
Registered in 0.000532 seconds.
Begin MonoManager ReloadAssembly
Native extension for WindowsStandalone target not found
Native extension for OSXStandalone target not found
Refreshing native plugins compatible for Editor in 0.22 ms, found 1 plugins.
Preloading 0 native plugins for Editor in 0.00 ms.
Invoked RoslynAnalysisRunner static constructor.
RoslynAnalysisRunner will not be running.
RoslynAnalysisRunner has terminated.
Mono: successfully reloaded assembly
- Completed reload, in  1.540 seconds
Platform modules already initialized, skipping
Refreshing native plugins compatible for Editor in 0.22 ms, found 1 plugins.
Preloading 0 native plugins for Editor in 0.00 ms.
Unloading 1117 Unused Serialized files (Serialized files now loaded: 0)
System memory in use before: 138.6 MB.
System memory in use after: 138.7 MB.

Unloading 7 unused Assets to reduce memory usage. Loaded Objects now: 1773.
Total: 1.203375 ms (FindLiveObjects: 0.093583 ms CreateObjectMapping: 0.027625 ms MarkObjects: 1.039958 ms  DeleteObjects: 0.041250 ms)

========================================================================
Received Prepare
Registering precompiled user dll's ...
Registered in 0.000530 seconds.
Begin MonoManager ReloadAssembly
Native extension for WindowsStandalone target not found
Native extension for OSXStandalone target not found
Refreshing native plugins compatible for Editor in 0.22 ms, found 1 plugins.
Preloading 0 native plugins for Editor in 0.00 ms.
Invoked RoslynAnalysisRunner static constructor.
RoslynAnalysisRunner will not be running.
RoslynAnalysisRunner has terminated.
Mono: successfully reloaded assembly
- Completed reload, in  1.536 seconds
Platform modules already initialized, skipping
Refreshing native plugins compatible for Editor in 0.22 ms, found 1 plugins.
Preloading 0 native plugins for Editor in 0.00 ms.
Unloading 1117 Unused Serialized files (Serialized files now loaded: 0)
System memory in use before: 138.8 MB.
System memory in use after: 138.9 MB.

Unloading 7 unused Assets to reduce memory usage. Loaded Objects now: 1776.
Total: 1.202917 ms (FindLiveObjects: 0.101417 ms CreateObjectMapping: 0.026292 ms MarkObjects: 1.027291 ms  DeleteObjects: 0.046750 ms)

========================================================================
Received Prepare
Registering precompiled user dll's ...
Registered in 0.002144 seconds.
Begin MonoManager ReloadAssembly
Native extension for WindowsStandalone target not found
Native extension for OSXStandalone target not found
Refreshing native plugins compatible for Editor in 0.23 ms, found 1 plugins.
Preloading 0 native plugins for Editor in 0.00 ms.
Invoked RoslynAnalysisRunner static constructor.
RoslynAnalysisRunner will not be running.
RoslynAnalysisRunner has terminated.
Mono: successfully reloaded assembly
- Completed reload, in  1.703 seconds
Platform modules already initialized, skipping
Refreshing native plugins compatible for Editor in 0.22 ms, found 1 plugins.
Preloading 0 native plugins for Editor in 0.00 ms.
Unloading 1117 Unused Serialized files (Serialized files now loaded: 0)
System memory in use before: 139.1 MB.
System memory in use after: 139.2 MB.

Unloading 7 unused Assets to reduce memory usage. Loaded Objects now: 1779.
Total: 2.375292 ms (FindLiveObjects: 0.127542 ms CreateObjectMapping: 0.024625 ms MarkObjects: 2.159666 ms  DeleteObjects: 0.062375 ms)

